<?xml version="1.0" encoding="UTF-8"?>
<testsuite name="com.example.uploadingfiles.FileUploadIntegrationTests" tests="2" skipped="0" failures="0" errors="0" timestamp="2020-04-19T22:28:12" hostname="MSI" time="0.483">
  <properties/>
  <testcase name="shouldUploadFile()" classname="com.example.uploadingfiles.FileUploadIntegrationTests" time="0.413"/>
  <testcase name="shouldDownloadFile()" classname="com.example.uploadingfiles.FileUploadIntegrationTests" time="0.069"/>
  <system-out><![CDATA[17:28:10.495 [Test worker] DEBUG org.springframework.test.context.BootstrapUtils - Instantiating CacheAwareContextLoaderDelegate from class [org.springframework.test.context.cache.DefaultCacheAwareContextLoaderDelegate]
17:28:10.509 [Test worker] DEBUG org.springframework.test.context.BootstrapUtils - Instantiating BootstrapContext using constructor [public org.springframework.test.context.support.DefaultBootstrapContext(java.lang.Class,org.springframework.test.context.CacheAwareContextLoaderDelegate)]
17:28:10.531 [Test worker] DEBUG org.springframework.test.context.BootstrapUtils - Instantiating TestContextBootstrapper for test class [com.example.uploadingfiles.FileUploadIntegrationTests] from class [org.springframework.boot.test.context.SpringBootTestContextBootstrapper]
17:28:10.544 [Test worker] INFO org.springframework.boot.test.context.SpringBootTestContextBootstrapper - Neither @ContextConfiguration nor @ContextHierarchy found for test class [com.example.uploadingfiles.FileUploadIntegrationTests], using SpringBootContextLoader
17:28:10.547 [Test worker] DEBUG org.springframework.test.context.support.AbstractContextLoader - Did not detect default resource location for test class [com.example.uploadingfiles.FileUploadIntegrationTests]: class path resource [com/example/uploadingfiles/FileUploadIntegrationTests-context.xml] does not exist
17:28:10.547 [Test worker] DEBUG org.springframework.test.context.support.AbstractContextLoader - Did not detect default resource location for test class [com.example.uploadingfiles.FileUploadIntegrationTests]: class path resource [com/example/uploadingfiles/FileUploadIntegrationTestsContext.groovy] does not exist
17:28:10.547 [Test worker] INFO org.springframework.test.context.support.AbstractContextLoader - Could not detect default resource locations for test class [com.example.uploadingfiles.FileUploadIntegrationTests]: no resource found for suffixes {-context.xml, Context.groovy}.
17:28:10.548 [Test worker] INFO org.springframework.test.context.support.AnnotationConfigContextLoaderUtils - Could not detect default configuration classes for test class [com.example.uploadingfiles.FileUploadIntegrationTests]: FileUploadIntegrationTests does not declare any static, non-private, non-final, nested classes annotated with @Configuration.
17:28:10.581 [Test worker] DEBUG org.springframework.test.context.support.ActiveProfilesUtils - Could not find an 'annotation declaring class' for annotation type [org.springframework.test.context.ActiveProfiles] and class [com.example.uploadingfiles.FileUploadIntegrationTests]
17:28:10.640 [Test worker] DEBUG org.springframework.context.annotation.ClassPathScanningCandidateComponentProvider - Identified candidate component class: file [C:\Users\lyl\gs-uploading-files\complete\build\classes\java\main\com\example\uploadingfiles\UploadingFilesApplication.class]
17:28:10.641 [Test worker] INFO org.springframework.boot.test.context.SpringBootTestContextBootstrapper - Found @SpringBootConfiguration com.example.uploadingfiles.UploadingFilesApplication for test class com.example.uploadingfiles.FileUploadIntegrationTests
17:28:10.716 [Test worker] DEBUG org.springframework.boot.test.context.SpringBootTestContextBootstrapper - @TestExecutionListeners is not present for class [com.example.uploadingfiles.FileUploadIntegrationTests]: using defaults.
17:28:10.716 [Test worker] INFO org.springframework.boot.test.context.SpringBootTestContextBootstrapper - Loaded default TestExecutionListener class names from location [META-INF/spring.factories]: [org.springframework.boot.test.autoconfigure.restdocs.RestDocsTestExecutionListener, org.springframework.boot.test.autoconfigure.web.client.MockRestServiceServerResetTestExecutionListener, org.springframework.boot.test.autoconfigure.web.servlet.MockMvcPrintOnlyOnFailureTestExecutionListener, org.springframework.boot.test.autoconfigure.web.servlet.WebDriverTestExecutionListener, org.springframework.boot.test.mock.mockito.MockitoTestExecutionListener, org.springframework.boot.test.mock.mockito.ResetMocksTestExecutionListener, org.springframework.test.context.web.ServletTestExecutionListener, org.springframework.test.context.support.DirtiesContextBeforeModesTestExecutionListener, org.springframework.test.context.support.DependencyInjectionTestExecutionListener, org.springframework.test.context.support.DirtiesContextTestExecutionListener, org.springframework.test.context.transaction.TransactionalTestExecutionListener, org.springframework.test.context.jdbc.SqlScriptsTestExecutionListener, org.springframework.test.context.event.EventPublishingTestExecutionListener]
17:28:10.726 [Test worker] DEBUG org.springframework.boot.test.context.SpringBootTestContextBootstrapper - Skipping candidate TestExecutionListener [org.springframework.test.context.transaction.TransactionalTestExecutionListener] due to a missing dependency. Specify custom listener classes or make the default listener classes and their required dependencies available. Offending class: [org/springframework/transaction/interceptor/TransactionAttributeSource]
17:28:10.726 [Test worker] DEBUG org.springframework.boot.test.context.SpringBootTestContextBootstrapper - Skipping candidate TestExecutionListener [org.springframework.test.context.jdbc.SqlScriptsTestExecutionListener] due to a missing dependency. Specify custom listener classes or make the default listener classes and their required dependencies available. Offending class: [org/springframework/transaction/interceptor/TransactionAttribute]
17:28:10.727 [Test worker] INFO org.springframework.boot.test.context.SpringBootTestContextBootstrapper - Using TestExecutionListeners: [org.springframework.test.context.web.ServletTestExecutionListener@2213f50, org.springframework.test.context.support.DirtiesContextBeforeModesTestExecutionListener@6001b6ec, org.springframework.boot.test.mock.mockito.MockitoTestExecutionListener@263ab7f, org.springframework.boot.test.autoconfigure.SpringBootDependencyInjectionTestExecutionListener@3bcd18b0, org.springframework.test.context.support.DirtiesContextTestExecutionListener@309d7b26, org.springframework.test.context.event.EventPublishingTestExecutionListener@5dc60d0f, org.springframework.boot.test.autoconfigure.restdocs.RestDocsTestExecutionListener@42616d9b, org.springframework.boot.test.autoconfigure.web.client.MockRestServiceServerResetTestExecutionListener@113ae5ff, org.springframework.boot.test.autoconfigure.web.servlet.MockMvcPrintOnlyOnFailureTestExecutionListener@4a25f8b5, org.springframework.boot.test.autoconfigure.web.servlet.WebDriverTestExecutionListener@27e63a8b, org.springframework.boot.test.mock.mockito.ResetMocksTestExecutionListener@6e229659]
17:28:10.730 [Test worker] DEBUG org.springframework.test.context.support.AbstractDirtiesContextTestExecutionListener - Before test class: context [DefaultTestContext@51cbcc46 testClass = FileUploadIntegrationTests, testInstance = [null], testMethod = [null], testException = [null], mergedContextConfiguration = [WebMergedContextConfiguration@1ebf15e2 testClass = FileUploadIntegrationTests, locations = '{}', classes = '{class com.example.uploadingfiles.UploadingFilesApplication}', contextInitializerClasses = '[]', activeProfiles = '{}', propertySourceLocations = '{}', propertySourceProperties = '{org.springframework.boot.test.context.SpringBootTestContextBootstrapper=true, server.port=0}', contextCustomizers = set[org.springframework.boot.test.autoconfigure.properties.PropertyMappingContextCustomizer@0, org.springframework.boot.test.autoconfigure.web.servlet.WebDriverContextCustomizerFactory$Customizer@45e1a703, org.springframework.boot.test.context.filter.ExcludeFilterContextCustomizer@41699a48, org.springframework.boot.test.json.DuplicateJsonObjectContextCustomizerFactory$DuplicateJsonObjectContextCustomizer@5ccbab1e, org.springframework.boot.test.mock.mockito.MockitoContextCustomizer@609d7780, org.springframework.boot.test.web.client.TestRestTemplateContextCustomizer@63023cab], resourceBasePath = 'src/main/webapp', contextLoader = 'org.springframework.boot.test.context.SpringBootContextLoader', parent = [null]], attributes = map['org.springframework.test.context.web.ServletTestExecutionListener.activateListener' -> false]], class annotated with @DirtiesContext [false] with mode [null].
17:28:10.753 [Test worker] DEBUG org.springframework.test.context.support.TestPropertySourceUtils - Adding inlined properties to environment: {spring.jmx.enabled=false, org.springframework.boot.test.context.SpringBootTestContextBootstrapper=true, server.port=0}

  .   ____          _            __ _ _
 /\\ / ___'_ __ _ _(_)_ __  __ _ \ \ \ \
( ( )\___ | '_ | '_| | '_ \/ _` | \ \ \ \
 \\/  ___)| |_)| | | | | || (_| |  ) ) ) )
  '  |____| .__|_| |_|_| |_\__, | / / / /
 =========|_|==============|___/=/_/_/_/
 :: Spring Boot ::        (v2.2.0.RELEASE)

2020-04-19 17:28:10.981  INFO 15960 --- [    Test worker] c.e.u.FileUploadIntegrationTests         : Starting FileUploadIntegrationTests on MSI with PID 15960 (started by lyl in C:\Users\lyl\gs-uploading-files\complete)
2020-04-19 17:28:10.982  INFO 15960 --- [    Test worker] c.e.u.FileUploadIntegrationTests         : No active profile set, falling back to default profiles: default
2020-04-19 17:28:12.150  INFO 15960 --- [    Test worker] o.s.b.w.embedded.tomcat.TomcatWebServer  : Tomcat initialized with port(s): 0 (http)
2020-04-19 17:28:12.161  INFO 15960 --- [    Test worker] o.apache.catalina.core.StandardService   : Starting service [Tomcat]
2020-04-19 17:28:12.161  INFO 15960 --- [    Test worker] org.apache.catalina.core.StandardEngine  : Starting Servlet engine: [Apache Tomcat/9.0.27]
2020-04-19 17:28:12.280  INFO 15960 --- [    Test worker] o.a.c.c.C.[Tomcat].[localhost].[/]       : Initializing Spring embedded WebApplicationContext
2020-04-19 17:28:12.281  INFO 15960 --- [    Test worker] o.s.web.context.ContextLoader            : Root WebApplicationContext: initialization completed in 1279 ms
2020-04-19 17:28:12.531  INFO 15960 --- [    Test worker] o.s.s.concurrent.ThreadPoolTaskExecutor  : Initializing ExecutorService 'applicationTaskExecutor'
2020-04-19 17:28:12.786  INFO 15960 --- [    Test worker] o.s.b.w.embedded.tomcat.TomcatWebServer  : Tomcat started on port(s): 60654 (http) with context path ''
2020-04-19 17:28:12.790  INFO 15960 --- [    Test worker] c.e.u.FileUploadIntegrationTests         : Started FileUploadIntegrationTests in 2.034 seconds (JVM running for 3.068)
2020-04-19 17:28:12.933  INFO 15960 --- [o-auto-1-exec-1] o.a.c.c.C.[Tomcat].[localhost].[/]       : Initializing Spring DispatcherServlet 'dispatcherServlet'
2020-04-19 17:28:12.934  INFO 15960 --- [o-auto-1-exec-1] o.s.web.servlet.DispatcherServlet        : Initializing Servlet 'dispatcherServlet'
2020-04-19 17:28:12.955  INFO 15960 --- [o-auto-1-exec-1] o.s.web.servlet.DispatcherServlet        : Completed initialization in 21 ms
2020-04-19 17:28:13.151  WARN 15960 --- [o-auto-1-exec-1] o.a.c.util.SessionIdGeneratorBase        : Creation of SecureRandom instance for session ID generation using [SHA1PRNG] took [138] milliseconds.
]]></system-out>
  <system-err><![CDATA[]]></system-err>
</testsuite>
